#@ # 
#@ # Running pt_shell Version F-2011.06 for linux -- Jun 05, 2011
#@ # Date:   Wed Nov 20 14:53:19 2013
#@ # Run by: ronnieb@ce-pc53.ed4220.lab.cse.a.1.hb.cdal.chalmers.se
#@ 

source /nfs4/merkurius.ita.chalmers.se/sw/sup/snp/pts-2011.06/admin/setup/.synopsys_pt.setup
#@ #
#@ # .synopsys_pt.setup: Initialization File for PrimeTime
#@ #
#@ 
#@ 
#@ #
#@ # Enable stack trace output on fatal.  Not available for all architectures.
#@ #
#@ if { $sh_arch == "sparcOS5" || $sh_arch == "hpux10" ||      $sh_arch == "hp32" || $sh_arch == "linux" } {
#@   set_unix_variable SYNOPSYS_TRACE ""
#@ }
#@ 
#@ #
#@ # Variable settings
#@ #
#@ 
#@ #
#@ # Synopsys strongly recommends that you use new variable message
#@ # tracing for debugging purposes only.
#@ #
#@ set sh_new_variable_message true
#@ 
#@ #
#@ # Synopsys strongly recommends that you uncomment the following command
#@ # in order to set sh_command_abbrev_mode to the value "Command-Line-Only".
#@ # Command abbreviation is intended as an interactive convenience.  Using
#@ # abbreviations in scripts can cause commands to fail in subsequent releases.
#@ # 
#@ #set sh_command_abbrev_mode "Command-Line-Only"
#@ 
#@ #
#@ # Some useful aliases
#@ #
#@ alias list_commands		help
#@ alias report_constraints	report_constraint
#@ alias report_clocks		report_clock
#@ 
#@ #
#@ # The alias for get_clock was added when get_clock_network_objects
#@ # was introduced, as it conflicts with get_clocks (and get_clock is a
#@ # typical abbreviation for get_clocks)
#@ #
#@ alias get_clock get_clocks
#@ 
#@ 
#@ #
#@ #
#@ # The alias of q to quit is commented out.  Remove the comment 
#@ # character if you want this alias.  Some users find that having 
#@ # this particular alias causes problems when mixed with page-mode
#@ # for reports - an accidental repeated 'q' not only cancels the
#@ # output but exits the tool.
#@ #
#@ #alias q quit
#@ 
#@ # -- End source /nfs4/merkurius.ita.chalmers.se/sw/sup/snp/pts-2011.06/admin/setup/.synopsys_pt.setup

set target_library {/chalmers/sw/sup/cds/cmos065-5.3.4/CORE65LPSVT_5.1/libs/CORE65LPSVT_nom_1.20V_25C.db ALU_RCA_netlist.v}
set link_library "/chalmers/sw/sup/cds/cmos065-5.3.4/CORE65LPSVT_5.1/libs/CORE65LPSVT_nom_1.20V_25C.db ALU_RCA_netlist.v"
read_verilog ALU_RCA_netlist.v
link_design ALU_RCA
write_sdf -version 3.0 -map /chalmers/sw/sup/cds/cmos065-5.3.4/CORE65LPSVT_5.1/behaviour/verilog/CORE65LPSVT.verilog.map alu.sdf
exit
